<?xml version="1.0" encoding="UTF-8"?>
<!-- Generated by org.testng.reporters.JUnitReportReporter -->
<testsuite hostname="User-PC" failures="0" tests="1" name="testCase.TC_001_Registration" time="9.247" errors="0" timestamp="07 Feb 2023 19:56:48 GMT" skipped="0">
  <testcase classname="testCase.TC_001_Registration" name="accountRegistration" time="9.247"/>
</testsuite> <!-- testCase.TC_001_Registration -->
